[2020-06-14 05:45:18.303] [exthost] [info] extension host started
[2020-06-14 05:45:20.287] [exthost] [info] ExtensionService#_doActivateExtension vscode.python {"startup":false,"extensionId":{"value":"vscode.python","_lower":"vscode.python"},"activationEvent":"onLanguage:python"}
[2020-06-14 05:45:20.288] [exthost] [info] ExtensionService#loadCommonJSModule file:///usr/lib/code-server/lib/vscode/extensions/python/dist/pythonMain
[2020-06-14 05:45:20.292] [exthost] [info] ExtensionService#_doActivateExtension vscode.debug-auto-launch {"startup":true,"extensionId":{"value":"vscode.debug-auto-launch","_lower":"vscode.debug-auto-launch"},"activationEvent":"*"}
[2020-06-14 05:45:20.293] [exthost] [info] ExtensionService#loadCommonJSModule file:///usr/lib/code-server/lib/vscode/extensions/debug-auto-launch/dist/extension
[2020-06-14 05:45:20.299] [exthost] [info] ExtensionService#_doActivateExtension vscode.emmet {"startup":true,"extensionId":{"value":"vscode.emmet","_lower":"vscode.emmet"},"activationEvent":"*"}
[2020-06-14 05:45:20.300] [exthost] [info] ExtensionService#loadCommonJSModule file:///usr/lib/code-server/lib/vscode/extensions/emmet/dist/extension
[2020-06-14 05:45:20.330] [exthost] [info] ExtensionService#_doActivateExtension vscode.git {"startup":true,"extensionId":{"value":"vscode.git","_lower":"vscode.git"},"activationEvent":"*"}
[2020-06-14 05:45:20.330] [exthost] [info] ExtensionService#loadCommonJSModule file:///usr/lib/code-server/lib/vscode/extensions/git/dist/main
[2020-06-14 05:45:20.390] [exthost] [info] ExtensionService#_doActivateExtension vscode.github-authentication {"startup":true,"extensionId":{"value":"vscode.github-authentication","_lower":"vscode.github-authentication"},"activationEvent":"*"}
[2020-06-14 05:45:20.394] [exthost] [info] ExtensionService#loadCommonJSModule file:///usr/lib/code-server/lib/vscode/extensions/github-authentication/dist/extension.js
[2020-06-14 05:45:20.412] [exthost] [info] ExtensionService#_doActivateExtension vscode.merge-conflict {"startup":true,"extensionId":{"value":"vscode.merge-conflict","_lower":"vscode.merge-conflict"},"activationEvent":"*"}
[2020-06-14 05:45:20.419] [exthost] [info] ExtensionService#loadCommonJSModule file:///usr/lib/code-server/lib/vscode/extensions/merge-conflict/dist/extension
[2020-06-14 05:45:20.426] [exthost] [info] ExtensionService#_doActivateExtension vscode.search-result {"startup":true,"extensionId":{"value":"vscode.search-result","_lower":"vscode.search-result"},"activationEvent":"*"}
[2020-06-14 05:45:20.428] [exthost] [info] ExtensionService#loadCommonJSModule file:///usr/lib/code-server/lib/vscode/extensions/search-result/dist/extension.js
[2020-06-14 05:45:20.429] [exthost] [info] ExtensionService#_doActivateExtension vscode.vscode-account {"startup":true,"extensionId":{"value":"vscode.vscode-account","_lower":"vscode.vscode-account"},"activationEvent":"*"}
[2020-06-14 05:45:20.432] [exthost] [info] ExtensionService#loadCommonJSModule file:///usr/lib/code-server/lib/vscode/extensions/vscode-account/dist/extension.js
[2020-06-14 05:45:20.450] [exthost] [info] eager extensions activated
[2020-06-14 06:04:08.474] [exthost] [info] extension host started
[2020-06-14 06:04:09.723] [exthost] [info] ExtensionService#_doActivateExtension vscode.python {"startup":false,"extensionId":{"value":"vscode.python","_lower":"vscode.python"},"activationEvent":"onLanguage:python"}
[2020-06-14 06:04:09.726] [exthost] [info] ExtensionService#loadCommonJSModule file:///usr/lib/code-server/lib/vscode/extensions/python/dist/pythonMain
[2020-06-14 06:04:09.730] [exthost] [info] ExtensionService#_doActivateExtension vscode.debug-auto-launch {"startup":true,"extensionId":{"value":"vscode.debug-auto-launch","_lower":"vscode.debug-auto-launch"},"activationEvent":"*"}
[2020-06-14 06:04:09.731] [exthost] [info] ExtensionService#loadCommonJSModule file:///usr/lib/code-server/lib/vscode/extensions/debug-auto-launch/dist/extension
[2020-06-14 06:04:09.735] [exthost] [info] ExtensionService#_doActivateExtension vscode.emmet {"startup":true,"extensionId":{"value":"vscode.emmet","_lower":"vscode.emmet"},"activationEvent":"*"}
[2020-06-14 06:04:09.736] [exthost] [info] ExtensionService#loadCommonJSModule file:///usr/lib/code-server/lib/vscode/extensions/emmet/dist/extension
[2020-06-14 06:04:09.764] [exthost] [info] ExtensionService#_doActivateExtension vscode.git {"startup":true,"extensionId":{"value":"vscode.git","_lower":"vscode.git"},"activationEvent":"*"}
[2020-06-14 06:04:09.765] [exthost] [info] ExtensionService#loadCommonJSModule file:///usr/lib/code-server/lib/vscode/extensions/git/dist/main
[2020-06-14 06:04:09.816] [exthost] [info] ExtensionService#_doActivateExtension vscode.github-authentication {"startup":true,"extensionId":{"value":"vscode.github-authentication","_lower":"vscode.github-authentication"},"activationEvent":"*"}
[2020-06-14 06:04:09.823] [exthost] [info] ExtensionService#loadCommonJSModule file:///usr/lib/code-server/lib/vscode/extensions/github-authentication/dist/extension.js
[2020-06-14 06:04:09.846] [exthost] [info] ExtensionService#_doActivateExtension vscode.merge-conflict {"startup":true,"extensionId":{"value":"vscode.merge-conflict","_lower":"vscode.merge-conflict"},"activationEvent":"*"}
[2020-06-14 06:04:09.846] [exthost] [info] ExtensionService#loadCommonJSModule file:///usr/lib/code-server/lib/vscode/extensions/merge-conflict/dist/extension
[2020-06-14 06:04:09.851] [exthost] [info] ExtensionService#_doActivateExtension vscode.search-result {"startup":true,"extensionId":{"value":"vscode.search-result","_lower":"vscode.search-result"},"activationEvent":"*"}
[2020-06-14 06:04:09.852] [exthost] [info] ExtensionService#loadCommonJSModule file:///usr/lib/code-server/lib/vscode/extensions/search-result/dist/extension.js
[2020-06-14 06:04:09.854] [exthost] [info] ExtensionService#_doActivateExtension vscode.vscode-account {"startup":true,"extensionId":{"value":"vscode.vscode-account","_lower":"vscode.vscode-account"},"activationEvent":"*"}
[2020-06-14 06:04:09.855] [exthost] [info] ExtensionService#loadCommonJSModule file:///usr/lib/code-server/lib/vscode/extensions/vscode-account/dist/extension.js
[2020-06-14 06:04:09.877] [exthost] [info] eager extensions activated
[2020-06-14 15:09:32.456] [exthost] [info] extension host started
[2020-06-14 18:36:26.379] [exthost] [info] extension host started
[2020-06-14 18:36:27.324] [exthost] [info] ExtensionService#_doActivateExtension vscode.python {"startup":false,"extensionId":{"value":"vscode.python","_lower":"vscode.python"},"activationEvent":"onLanguage:python"}
[2020-06-14 18:36:27.327] [exthost] [info] ExtensionService#loadCommonJSModule file:///usr/lib/code-server/lib/vscode/extensions/python/dist/pythonMain
[2020-06-14 18:36:27.333] [exthost] [info] ExtensionService#_doActivateExtension vscode.debug-auto-launch {"startup":true,"extensionId":{"value":"vscode.debug-auto-launch","_lower":"vscode.debug-auto-launch"},"activationEvent":"*"}
[2020-06-14 18:36:27.335] [exthost] [info] ExtensionService#loadCommonJSModule file:///usr/lib/code-server/lib/vscode/extensions/debug-auto-launch/dist/extension
[2020-06-14 18:36:27.341] [exthost] [info] ExtensionService#_doActivateExtension vscode.emmet {"startup":true,"extensionId":{"value":"vscode.emmet","_lower":"vscode.emmet"},"activationEvent":"*"}
[2020-06-14 18:36:27.343] [exthost] [info] ExtensionService#loadCommonJSModule file:///usr/lib/code-server/lib/vscode/extensions/emmet/dist/extension
[2020-06-14 18:36:27.378] [exthost] [info] ExtensionService#_doActivateExtension vscode.git {"startup":true,"extensionId":{"value":"vscode.git","_lower":"vscode.git"},"activationEvent":"*"}
[2020-06-14 18:36:27.379] [exthost] [info] ExtensionService#loadCommonJSModule file:///usr/lib/code-server/lib/vscode/extensions/git/dist/main
[2020-06-14 18:36:27.473] [exthost] [info] ExtensionService#_doActivateExtension vscode.github-authentication {"startup":true,"extensionId":{"value":"vscode.github-authentication","_lower":"vscode.github-authentication"},"activationEvent":"*"}
[2020-06-14 18:36:27.475] [exthost] [info] ExtensionService#loadCommonJSModule file:///usr/lib/code-server/lib/vscode/extensions/github-authentication/dist/extension.js
[2020-06-14 18:36:27.497] [exthost] [info] ExtensionService#_doActivateExtension vscode.merge-conflict {"startup":true,"extensionId":{"value":"vscode.merge-conflict","_lower":"vscode.merge-conflict"},"activationEvent":"*"}
[2020-06-14 18:36:27.498] [exthost] [info] ExtensionService#loadCommonJSModule file:///usr/lib/code-server/lib/vscode/extensions/merge-conflict/dist/extension
[2020-06-14 18:36:27.505] [exthost] [info] ExtensionService#_doActivateExtension vscode.search-result {"startup":true,"extensionId":{"value":"vscode.search-result","_lower":"vscode.search-result"},"activationEvent":"*"}
[2020-06-14 18:36:27.507] [exthost] [info] ExtensionService#loadCommonJSModule file:///usr/lib/code-server/lib/vscode/extensions/search-result/dist/extension.js
[2020-06-14 18:36:27.511] [exthost] [info] ExtensionService#_doActivateExtension vscode.vscode-account {"startup":true,"extensionId":{"value":"vscode.vscode-account","_lower":"vscode.vscode-account"},"activationEvent":"*"}
[2020-06-14 18:36:27.512] [exthost] [info] ExtensionService#loadCommonJSModule file:///usr/lib/code-server/lib/vscode/extensions/vscode-account/dist/extension.js
[2020-06-14 18:36:27.534] [exthost] [info] eager extensions activated
